#
# An unexpected error has been detected by Java Runtime Environment:
#
#  EXCEPTION_ACCESS_VIOLATION (0xc0000005) at pc=0x77c84d8c, pid=4664, tid=5908
#
# Java VM: Java HotSpot(TM) Client VM (11.2-b01 mixed mode windows-x86)
# Problematic frame:
# C  [ntdll.dll+0x54d8c]
#
# If you would like to submit a bug report, please visit:
#   http://java.sun.com/webapps/bugreport/crash.jsp
# The crash happened outside the Java Virtual Machine in native code.
# See problematic frame for where to report the bug.
#

---------------  T H R E A D  ---------------

Current thread (0x0af26400):  JavaThread "main" [_thread_in_native, id=5908, stack(0x00430000,0x00c30000)]

siginfo: ExceptionCode=0xc0000005, reading address 0xffffffff

Registers:
EAX=0x00000000, EBX=0x00c29bec, ECX=0x00000000, EDX=0x00000000
ESP=0x00c29ad8, EBP=0x00c29aec, ESI=0x09aa0000, EDI=0x79cd34e4
EIP=0x77c84d8c, EFLAGS=0x00210246

Top of Stack: (sp=0x00c29ad8)
0x00c29ad8:   79cd34e4 79d135a4 00c29bec 00000008
0x00c29ae8:   000e6fb2 00c29b38 7bfc20d6 09aa0000
0x00c29af8:   00000000 00000000 79cd34e4 79d135a4
0x00c29b08:   00c29bec 00c29b44 00000000 00c29b44
0x00c29b18:   77c71c46 77d39418 00c29b00 00c2951c
0x00c29b28:   00c29b64 7bfc240d 7bffa368 ffffffff
0x00c29b38:   00c29b74 7bfcc0b4 00000000 79cd34e4
0x00c29b48:   00000003 00c29bec 00c29b68 77c62ab6 

Instructions: (pc=0x77c84d8c)
0x77c84d7c:   85 9a f1 03 00 8b 45 10 a8 07 0f 85 75 f1 03 00
0x77c84d8c:   80 78 ff 05 8d 50 f8 0f 84 40 f1 03 00 f6 42 07 


Stack: [0x00430000,0x00c30000],  sp=0x00c29ad8,  free space=8166k
Native frames: (J=compiled Java code, j=interpreted, Vv=VM code, C=native code)
C  [ntdll.dll+0x54d8c]
C  [MSVCR71.dll+0x20d6]
C  [MSVCR71.dll+0xc0b4]
V  [jvm.dll+0x1c8b74]

Java frames: (J=compiled Java code, j=interpreted, Vv=VM code)
j  com.mathworks.jmi.NativeMatlab.SendMatlabMessage(Ljava/lang/Object;)Ljava/lang/Object;+0
j  com.mathworks.jmi.NativeMatlab.sendMatlabMessage(Ljava/lang/Object;)Ljava/lang/Object;+22
j  com.mathworks.jmi.MatlabLooper.sendMatlabMessage(Lcom/mathworks/services/message/MWMessage;)Ljava/lang/Object;+20
j  com.mathworks.jmi.Matlab.mtFevalConsoleOutput(Ljava/lang/String;[Ljava/lang/Object;I)Ljava/lang/Object;+58
j  com.mathworks.mde.desk.MLDesktop$9.run()V+14
j  com.mathworks.jmi.NativeMatlab.dispatchMTRequests(Z)V+50
v  ~StubRoutines::call_stub

---------------  P R O C E S S  ---------------

Java Threads: ( => current thread )
  0x1bb25c00 JavaThread "Foxtrot Single Worker Thread #1" daemon [_thread_blocked, id=7000, stack(0x01cd0000,0x01d50000)]
  0x1bb25800 JavaThread "Prefs Updater" daemon [_thread_blocked, id=7036, stack(0x01410000,0x01490000)]
  0x1bb26c00 JavaThread "Timer-4" [_thread_blocked, id=3716, stack(0x01390000,0x01410000)]
  0x1bb29000 JavaThread "pool-2-thread-1" [_thread_blocked, id=2412, stack(0x010d0000,0x01150000)]
  0x1bb23000 JavaThread "Thread-615" [_thread_in_native, id=6472, stack(0x1cf40000,0x1d740000)]
  0x1b8c0400 JavaThread "Active Reference Queue Daemon" daemon [_thread_blocked, id=7668, stack(0x1cc40000,0x1ccc0000)]
  0x1b8bfc00 JavaThread "Timer-2" daemon [_thread_blocked, id=6348, stack(0x1c940000,0x1c9c0000)]
  0x1b8c1800 JavaThread "Timer-1" daemon [_thread_blocked, id=5528, stack(0x1c880000,0x1c900000)]
  0x1b609c00 JavaThread "TimerQueue" daemon [_thread_blocked, id=5536, stack(0x1c600000,0x1c680000)]
  0x1b64ac00 JavaThread "AWT-EventQueue-0" [_thread_blocked, id=7400, stack(0x1c530000,0x1c5b0000)]
  0x1b582800 JavaThread "AWT-Windows" daemon [_thread_in_native, id=2392, stack(0x1c110000,0x1c190000)]
  0x1b57a400 JavaThread "AWT-Shutdown" [_thread_blocked, id=448, stack(0x1c050000,0x1c0d0000)]
  0x1b57a000 JavaThread "Java2D Disposer" daemon [_thread_blocked, id=7680, stack(0x1bf90000,0x1c010000)]
  0x1ad0a400 JavaThread "Timer-0" [_thread_blocked, id=2408, stack(0x1af30000,0x1afb0000)]
  0x1acf9000 JavaThread "JMI Unnamed Thread" [_thread_in_native, id=4728, stack(0x05fd0000,0x067d0000)]
  0x0afc3800 JavaThread "Low Memory Detector" daemon [_thread_blocked, id=3204, stack(0x1a410000,0x1a490000)]
  0x0afc2000 JavaThread "CompilerThread0" daemon [_thread_blocked, id=6352, stack(0x19bd0000,0x1a3d0000)]
  0x0afbc800 JavaThread "Attach Listener" daemon [_thread_blocked, id=2640, stack(0x19b10000,0x19b90000)]
  0x0afa8000 JavaThread "Finalizer" daemon [_thread_blocked, id=2212, stack(0x19a50000,0x19ad0000)]
  0x0afa6800 JavaThread "Reference Handler" daemon [_thread_blocked, id=2644, stack(0x19990000,0x19a10000)]
=>0x0af26400 JavaThread "main" [_thread_in_native, id=5908, stack(0x00430000,0x00c30000)]

Other Threads:
  0x0afa0c00 VMThread [stack: 0x19150000,0x19950000] [id=5620]
  0x0afd2400 WatcherThread [stack: 0x1a4d0000,0x1acd0000] [id=7348]

VM state:not at safepoint (normal execution)

VM Mutex/Monitor currently owned by a thread: None

Heap
 def new generation   total 28608K, used 22112K [0x0d0a0000, 0x0efa0000, 0x0f0a0000)
  eden space 25472K,  81% used [0x0d0a0000, 0x0e4cf0e0, 0x0e980000)
  from space 3136K,  46% used [0x0e980000, 0x0eae9180, 0x0ec90000)
  to   space 3136K,   0% used [0x0ec90000, 0x0ec90000, 0x0efa0000)
 tenured generation   total 94936K, used 73412K [0x0f0a0000, 0x14d56000, 0x150a0000)
   the space 94936K,  77% used [0x0f0a0000, 0x13851008, 0x13851200, 0x14d56000)
 compacting perm gen  total 36096K, used 35891K [0x150a0000, 0x173e0000, 0x190a0000)
   the space 36096K,  99% used [0x150a0000, 0x173acc80, 0x173ace00, 0x173e0000)
No shared spaces configured.

Dynamic libraries:
0x00400000 - 0x00425000 	C:\Program Files (x86)\MATLAB\R2010a\bin\win32\MATLAB.exe
0x77c30000 - 0x77da9000 	C:\Windows\SYSTEM32\ntdll.dll
0x75140000 - 0x75230000 	C:\Windows\SYSTEM32\KERNEL32.DLL
0x771d0000 - 0x77346000 	C:\Windows\SYSTEM32\KERNELBASE.dll
0x78770000 - 0x787ee000 	C:\Program Files (x86)\MATLAB\R2010a\bin\win32\libmwfl.dll
0x7ba50000 - 0x7bc63000 	C:\Program Files (x86)\MATLAB\R2010a\bin\win32\libmwservices.dll
0x7a0e0000 - 0x7a144000 	C:\Program Files (x86)\MATLAB\R2010a\bin\win32\mcr.dll
0x7b940000 - 0x7b9ec000 	C:\Program Files (x86)\MATLAB\R2010a\bin\win32\libut.dll
0x77990000 - 0x779a9000 	C:\Windows\SYSTEM32\imagehlp.dll
0x77630000 - 0x776ee000 	C:\Windows\SYSTEM32\msvcrt.dll
0x77410000 - 0x77416000 	C:\Windows\SYSTEM32\PSAPI.DLL
0x77af0000 - 0x77c30000 	C:\Windows\SYSTEM32\USER32.dll
0x75710000 - 0x7578b000 	C:\Windows\SYSTEM32\ADVAPI32.dll
0x77010000 - 0x77053000 	C:\Windows\SYSTEM32\sechost.dll
0x74f40000 - 0x7508d000 	C:\Windows\SYSTEM32\GDI32.dll
0x75090000 - 0x7513c000 	C:\Windows\SYSTEM32\RPCRT4.dll
0x757d0000 - 0x76b8f000 	C:\Windows\SYSTEM32\SHELL32.dll
0x74d40000 - 0x74d5e000 	C:\Windows\SYSTEM32\SspiCli.dll
0x74d30000 - 0x74d3a000 	C:\Windows\SYSTEM32\CRYPTBASE.dll
0x75230000 - 0x7570c000 	C:\Windows\SYSTEM32\windows.storage.dll
0x74cd0000 - 0x74d29000 	C:\Windows\SYSTEM32\bcryptPrimitives.dll
0x77420000 - 0x775da000 	C:\Windows\SYSTEM32\combase.dll
0x775e0000 - 0x77624000 	C:\Windows\SYSTEM32\shlwapi.dll
0x77090000 - 0x7709c000 	C:\Windows\SYSTEM32\kernel.appcore.dll
0x77a60000 - 0x77aed000 	C:\Windows\SYSTEM32\shcore.dll
0x77a10000 - 0x77a54000 	C:\Windows\SYSTEM32\powrprof.dll
0x771c0000 - 0x771cf000 	C:\Windows\SYSTEM32\profapi.dll
0x76c30000 - 0x76d1a000 	C:\Windows\SYSTEM32\ole32.dll
0x00350000 - 0x003d7000 	C:\Windows\WinSxS\x86_microsoft.vc80.crt_1fc8b3b9a1e18e3b_8.0.50727.9185_none_d0905a48442809b8\MSVCP80.dll
0x7e890000 - 0x7e8a9000 	C:\Program Files (x86)\MATLAB\R2010a\bin\win32\libmwi18n.dll
0x00c30000 - 0x00ccb000 	C:\Windows\WinSxS\x86_microsoft.vc80.crt_1fc8b3b9a1e18e3b_8.0.50727.9185_none_d0905a48442809b8\MSVCR80.dll
0x7b4d0000 - 0x7b539000 	C:\Program Files (x86)\MATLAB\R2010a\bin\win32\iqm.dll
0x7e850000 - 0x7e871000 	C:\Program Files (x86)\MATLAB\R2010a\bin\win32\libmwbridge.dll
0x7b9f0000 - 0x7ba4d000 	C:\Program Files (x86)\MATLAB\R2010a\bin\win32\libmx.dll
0x7b550000 - 0x7b561000 	C:\Program Files (x86)\MATLAB\R2010a\bin\win32\libmex.dll
0x79e30000 - 0x79e6a000 	C:\Program Files (x86)\MATLAB\R2010a\bin\win32\mpath.dll
0x7c0a0000 - 0x7c166000 	C:\Program Files (x86)\MATLAB\R2010a\bin\win32\mlutil.dll
0x79fb0000 - 0x7a017000 	C:\Program Files (x86)\MATLAB\R2010a\bin\win32\m_dispatcher.dll
0x787f0000 - 0x7894e000 	C:\Program Files (x86)\MATLAB\R2010a\bin\win32\mcos.dll
0x7be40000 - 0x7bf3f000 	C:\Program Files (x86)\MATLAB\R2010a\bin\win32\libmwgui.dll
0x78cf0000 - 0x7914f000 	C:\Program Files (x86)\MATLAB\R2010a\bin\win32\hg.dll
0x785c0000 - 0x78628000 	C:\Program Files (x86)\MATLAB\R2010a\bin\win32\hgutils.dll
0x76b90000 - 0x76c25000 	C:\Windows\SYSTEM32\OLEAUT32.dll
0x7a6c0000 - 0x7ab7b000 	C:\Program Files (x86)\MATLAB\R2010a\bin\win32\m_interpreter.dll
0x77350000 - 0x7740e000 	C:\Windows\SYSTEM32\comdlg32.dll
0x77160000 - 0x771bb000 	C:\Windows\SYSTEM32\WS2_32.dll
0x770a0000 - 0x770a7000 	C:\Windows\SYSTEM32\NSI.dll
0x79d40000 - 0x79d96000 	C:\Program Files (x86)\MATLAB\R2010a\bin\win32\jmi.dll
0x7a150000 - 0x7a1cc000 	C:\Program Files (x86)\MATLAB\R2010a\bin\win32\udd_mi.dll
0x7b210000 - 0x7b492000 	C:\Program Files (x86)\MATLAB\R2010a\bin\win32\uiw.dll
0x78c20000 - 0x78c37000 	C:\Program Files (x86)\MATLAB\R2010a\bin\win32\mwoles05.DLL
0x79e70000 - 0x79eb9000 	C:\Program Files (x86)\MATLAB\R2010a\bin\win32\comcli.dll
0x7b600000 - 0x7b60b000 	C:\Program Files (x86)\MATLAB\R2010a\bin\win32\mlautoregister.dll
0x7d160000 - 0x7d16e000 	C:\Program Files (x86)\MATLAB\R2010a\bin\win32\boost_date_time-vc80-mt-1_36.dll
0x7b4a0000 - 0x7b4ac000 	C:\Program Files (x86)\MATLAB\R2010a\bin\win32\boost_thread-vc80-mt-1_36.dll
0x7bfa0000 - 0x7bfbf000 	C:\Program Files (x86)\MATLAB\R2010a\bin\win32\LIBEXPAT.dll
0x7bd50000 - 0x7be38000 	C:\Program Files (x86)\MATLAB\R2010a\bin\win32\icuuc40.dll
0x7b4c0000 - 0x7b4cc000 	C:\Program Files (x86)\MATLAB\R2010a\bin\win32\icuio40.dll
0x7b670000 - 0x7b768000 	C:\Program Files (x86)\MATLAB\R2010a\bin\win32\icuin40.dll
0x7b180000 - 0x7b209000 	C:\Program Files (x86)\MATLAB\R2010a\bin\win32\udd.dll
0x78c90000 - 0x78ca3000 	C:\Program Files (x86)\MATLAB\R2010a\bin\win32\zlib1.dll
0x7cfb0000 - 0x7d00e000 	C:\Program Files (x86)\MATLAB\R2010a\bin\win32\xmlcore.dll
0x7d330000 - 0x7d346000 	C:\Program Files (x86)\MATLAB\R2010a\bin\win32\boost_filesystem-vc80-mt-1_36.dll
0x7c500000 - 0x7c507000 	C:\Program Files (x86)\MATLAB\R2010a\bin\win32\boost_system-vc80-mt-1_36.dll
0x79720000 - 0x798e2000 	C:\Program Files (x86)\MATLAB\R2010a\bin\win32\xerces-c_2_7.dll
0x7d280000 - 0x7d31d000 	C:\Program Files (x86)\MATLAB\R2010a\bin\win32\boost_regex-vc80-mt-1_36.dll
0x7bc70000 - 0x7bd47000 	C:\Program Files (x86)\MATLAB\R2010a\bin\win32\libmwmathutil.dll
0x78b60000 - 0x78b92000 	C:\Program Files (x86)\MATLAB\R2010a\bin\win32\libmat.dll
0x79a40000 - 0x79a70000 	C:\Program Files (x86)\MATLAB\R2010a\bin\win32\libmwhardcopy.dll
0x79da0000 - 0x79de3000 	C:\Program Files (x86)\MATLAB\R2010a\bin\win32\libuij.dll
0x78630000 - 0x7871f000 	C:\Program Files (x86)\MATLAB\R2010a\bin\win32\hgdatatypes.dll
0x78ba0000 - 0x78bd4000 	C:\Program Files (x86)\MATLAB\R2010a\bin\win32\libmwlapack.dll
0x027f0000 - 0x028ff000 	C:\Windows\WinSxS\x86_microsoft.vc80.mfc_1fc8b3b9a1e18e3b_8.0.50727.6195_none_cbf5e994470a1a8f\MFC80.DLL
0x74240000 - 0x742a7000 	C:\Windows\SYSTEM32\WINSPOOL.DRV
0x78720000 - 0x7874e000 	C:\Program Files (x86)\MATLAB\R2010a\bin\win32\tbb.dll
0x71b90000 - 0x71c22000 	C:\Windows\WinSxS\x86_microsoft.windows.common-controls_6595b64144ccf1df_5.82.10240.16384_none_49c02355cf03478c\COMCTL32.dll
0x74ab0000 - 0x74ac3000 	C:\Windows\SYSTEM32\NETAPI32.dll
0x79ec0000 - 0x79f1b000 	C:\Program Files (x86)\MATLAB\R2010a\bin\win32\profiler.dll
0x7b5d0000 - 0x7b5f2000 	C:\Program Files (x86)\MATLAB\R2010a\bin\win32\libmwmathrng.dll
0x78c00000 - 0x78c12000 	C:\Program Files (x86)\MATLAB\R2010a\bin\win32\m_pcodeio.dll
0x79df0000 - 0x79e27000 	C:\Program Files (x86)\MATLAB\R2010a\bin\win32\m_ir.dll
0x7a1d0000 - 0x7a6bd000 	C:\Program Files (x86)\MATLAB\R2010a\bin\win32\m_parser.dll
0x78be0000 - 0x78bfa000 	C:\Program Files (x86)\MATLAB\R2010a\bin\win32\m_pcodegen.dll
0x7e810000 - 0x7e844000 	C:\Program Files (x86)\MATLAB\R2010a\bin\win32\libmwspmatrix.dll
0x7b660000 - 0x7b669000 	C:\Program Files (x86)\MATLAB\R2010a\bin\win32\uinone.dll
0x02990000 - 0x029ab000 	C:\Windows\WinSxS\x86_microsoft.vc80.atl_1fc8b3b9a1e18e3b_8.0.50727.6195_none_d1cb102c435421de\ATL80.DLL
0x7b4b0000 - 0x7b4b4000 	C:\Program Files (x86)\MATLAB\R2010a\bin\win32\icudt40.dll
0x7b770000 - 0x7b939000 	C:\Program Files (x86)\MATLAB\R2010a\bin\win32\libhdf5.dll
0x74a10000 - 0x74a2b000 	C:\Windows\SYSTEM32\bcrypt.dll
0x74a50000 - 0x74a60000 	C:\Windows\SYSTEM32\wkscli.dll
0x74a30000 - 0x74a4c000 	C:\Windows\SYSTEM32\srvcli.dll
0x74a00000 - 0x74a0a000 	C:\Windows\SYSTEM32\netutils.dll
0x7b540000 - 0x7b54e000 	C:\Program Files (x86)\MATLAB\R2010a\bin\win32\ir_xfmr.dll
0x7b610000 - 0x7b61a000 	C:\Program Files (x86)\MATLAB\R2010a\bin\win32\mtok.dll
0x7b580000 - 0x7b58e000 	C:\Program Files (x86)\MATLAB\R2010a\bin\win32\libmwbinder.dll
0x7d050000 - 0x7d060000 	C:\Program Files (x86)\MATLAB\R2010a\bin\win32\boost_signals-vc80-mt-1_36.dll
0x77060000 - 0x7708b000 	C:\Windows\SYSTEM32\IMM32.DLL
0x776f0000 - 0x77810000 	C:\Windows\SYSTEM32\MSCTF.dll
0x053c0000 - 0x053ce000 	C:\Windows\WinSxS\x86_microsoft.vc80.mfcloc_1fc8b3b9a1e18e3b_8.0.50727.6195_none_03ce2c72205943d3\MFC80ENU.DLL
0x70ce0000 - 0x70d55000 	C:\Windows\system32\uxtheme.dll
0x70300000 - 0x7047c000 	C:\Program Files (x86)\360\Total Security\safemon\safemon.dll
0x74aa0000 - 0x74aa8000 	C:\Windows\SYSTEM32\VERSION.dll
0x76d20000 - 0x76da2000 	C:\Windows\SYSTEM32\clbcatq.dll
0x70b10000 - 0x70c52000 	C:\Windows\SYSTEM32\PROPSYS.dll
0x74c70000 - 0x74ca0000 	C:\Windows\SYSTEM32\iphlpapi.dll
0x74a90000 - 0x74a98000 	C:\Windows\SYSTEM32\WINNSI.DLL
0x73ce0000 - 0x73d64000 	C:\Windows\SYSTEM32\DNSAPI.dll
0x73830000 - 0x73843000 	C:\Windows\SYSTEM32\dhcpcsvc6.DLL
0x73dd0000 - 0x73de4000 	C:\Windows\SYSTEM32\dhcpcsvc.DLL
0x05c60000 - 0x05c63000 	C:\Windows\SYSTEM32\icmp.Dll
0x75790000 - 0x757c6000 	C:\Windows\SYSTEM32\cfgmgr32.dll
0x79ae0000 - 0x79d36000 	C:\Program Files (x86)\MATLAB\R2010a\sys\java\jre\win32\jre\bin\client\jvm.dll
0x7bfc0000 - 0x7c016000 	C:\Program Files (x86)\MATLAB\R2010a\bin\win32\MSVCR71.dll
0x74c40000 - 0x74c64000 	C:\Windows\SYSTEM32\WINMM.dll
0x05e60000 - 0x05e83000 	C:\Windows\SYSTEM32\WINMMBASE.dll
0x749d0000 - 0x749f1000 	C:\Windows\SYSTEM32\DEVOBJ.dll
0x73850000 - 0x738e1000 	C:\Windows\system32\apphelp.dll
0x74100000 - 0x7423f000 	C:\Windows\SYSTEM32\dbghelp.dll
0x79f70000 - 0x79f78000 	C:\Program Files (x86)\MATLAB\R2010a\sys\java\jre\win32\jre\bin\hpi.dll
0x79f90000 - 0x79f9c000 	C:\Program Files (x86)\MATLAB\R2010a\sys\java\jre\win32\jre\bin\verify.dll
0x78cb0000 - 0x78ccf000 	C:\Program Files (x86)\MATLAB\R2010a\sys\java\jre\win32\jre\bin\java.dll
0x79fa0000 - 0x79faf000 	C:\Program Files (x86)\MATLAB\R2010a\sys\java\jre\win32\jre\bin\zip.dll
0x78c40000 - 0x78c5e000 	C:\Program Files (x86)\MATLAB\R2010a\bin\win32\nativejava.dll
0x73380000 - 0x73397000 	C:\Windows\SYSTEM32\MPR.dll
0x78c60000 - 0x78c85000 	C:\Program Files (x86)\MATLAB\R2010a\bin\win32\nativejmi.dll
0x7b650000 - 0x7b65a000 	C:\Program Files (x86)\MATLAB\R2010a\bin\win32\nativeservices.dll
0x798f0000 - 0x79a3a000 	C:\Program Files (x86)\MATLAB\R2010a\sys\java\jre\win32\jre\bin\awt.dll
0x1bca0000 - 0x1bf04000 	C:\Windows\AppPatch\AcGenral.DLL

VM Arguments:
jvm_args: -Xss512k -XX:PermSize=32m -Xms64m -XX:NewRatio=3 -XX:MaxPermSize=64m -Xmx128m -XX:MaxDirectMemorySize=1200000000 -Dsun.java2d.noddraw=true -Dsun.awt.nopixfmt=true -Xshare:off -Xrs -Djava.library.path=C:\Program Files (x86)\MATLAB\R2010a\bin\win32 vfprintf abort 
java_command: <unknown>
Launcher Type: generic

Environment Variables:
PATH=C:\Program Files (x86)\MATLAB\R2010a\sys\java\jre\win32\jre\bin;C:\Program Files (x86)\MATLAB\R2010a\sys\webrenderer\windows\corecomponents;C:\Program Files (x86)\MATLAB\R2010a\sys\webrenderer\windows;C:\Program Files (x86)\NVIDIA Corporation\PhysX\Common;C:\Program Files (x86)\Intel\iCLS Client\;C:\Program Files\Intel\iCLS Client\;C:\Windows\system32;C:\Windows;C:\Windows\System32\Wbem;C:\Windows\System32\WindowsPowerShell\v1.0\;C:\Program Files (x86)\Intel\Intel(R) Management Engine Components\DAL;C:\Program Files\Intel\Intel(R) Management Engine Components\DAL;C:\Program Files (x86)\Intel\Intel(R) Management Engine Components\IPT;C:\Program Files\Intel\Intel(R) Management Engine Components\IPT;C:\Program Files (x86)\MATLAB\R2010a\runtime\win32;C:\Program Files (x86)\MATLAB\R2010a\bin;C:\Program Files\Common Files\Autodesk Shared\
USERNAME=S G
OS=Windows_NT
PROCESSOR_IDENTIFIER=Intel64 Family 6 Model 61 Stepping 4, GenuineIntel



---------------  S Y S T E M  ---------------

OS: Windows NT 6.2 Build 9200 

CPU:total 4 (8 cores per cpu, 2 threads per core) family 6 model 13 stepping 4, cmov, cx8, fxsr, mmx, sse, sse2, sse3, ssse3, ht

Memory: 4k page, physical 4094676k(1945720k free), swap 4194303k(4194303k free)

vm_info: Java HotSpot(TM) Client VM (11.2-b01) for windows-x86 JRE (1.6.0_12-b04), built on Jan 17 2009 09:57:14 by "java_re" with MS VC++ 7.1

time: Sun Jun 11 17:11:22 2017
elapsed time: 9686 seconds

